2020-07-09 10:59:33.045  INFO 1532 --- [main] c.c.c.ConfigServicePropertySourceLocator : Fetching config from server at : http://localhost:8888
2020-07-09 10:59:34.375  INFO 1532 --- [main] c.c.c.ConfigServicePropertySourceLocator : Connect Timeout Exception on Url - http://localhost:8888. Will be trying the next url if available
2020-07-09 10:59:34.375  WARN 1532 --- [main] c.c.c.ConfigServicePropertySourceLocator : Could not locate PropertySource: I/O error on GET request for "http://localhost:8888/eureka-diary/default": Connection refused: connect; nested exception is java.net.ConnectException: Connection refused: connect
2020-07-09 10:59:34.377  INFO 1532 --- [main] c.l.euerka_diary.EuerkaDiaryApplication  : No active profile set, falling back to default profiles: default
2020-07-09 10:59:36.455  INFO 1532 --- [main] .s.d.r.c.RepositoryConfigurationDelegate : Multiple Spring Data modules found, entering strict repository configuration mode!
2020-07-09 10:59:36.461  INFO 1532 --- [main] .s.d.r.c.RepositoryConfigurationDelegate : Bootstrapping Spring Data Redis repositories in DEFAULT mode.
2020-07-09 10:59:36.550  INFO 1532 --- [main] .s.d.r.c.RepositoryConfigurationDelegate : Finished Spring Data repository scanning in 45ms. Found 0 Redis repository interfaces.
2020-07-09 10:59:37.138  INFO 1532 --- [main] o.s.cloud.context.scope.GenericScope     : BeanFactory id=fe9806fa-1158-3aac-8607-0c078bb760de
2020-07-09 10:59:38.250  INFO 1532 --- [main] o.s.b.w.embedded.tomcat.TomcatWebServer  : Tomcat initialized with port(s): 9002 (http)
2020-07-09 10:59:38.283  INFO 1532 --- [main] o.apache.catalina.core.StandardService   : Starting service [Tomcat]
2020-07-09 10:59:38.284  INFO 1532 --- [main] org.apache.catalina.core.StandardEngine  : Starting Servlet engine: [Apache Tomcat/9.0.36]
2020-07-09 10:59:38.517  INFO 1532 --- [main] o.a.c.c.C.[Tomcat].[localhost].[/]       : Initializing Spring embedded WebApplicationContext
2020-07-09 10:59:38.518  INFO 1532 --- [main] w.s.c.ServletWebServerApplicationContext : Root WebApplicationContext: initialization completed in 4050 ms
2020-07-09 10:59:39.243  WARN 1532 --- [main] c.n.c.sources.URLConfigurationSource     : No URLs will be polled as dynamic configuration sources.
2020-07-09 10:59:39.243  INFO 1532 --- [main] c.n.c.sources.URLConfigurationSource     : To enable URLs as dynamic configuration sources, define System property archaius.configurationSource.additionalUrls or make config.properties available on classpath.
2020-07-09 10:59:39.261  WARN 1532 --- [main] c.n.c.sources.URLConfigurationSource     : No URLs will be polled as dynamic configuration sources.
2020-07-09 10:59:39.261  INFO 1532 --- [main] c.n.c.sources.URLConfigurationSource     : To enable URLs as dynamic configuration sources, define System property archaius.configurationSource.additionalUrls or make config.properties available on classpath.
2020-07-09 10:59:39.602  INFO 1532 --- [main] o.s.s.concurrent.ThreadPoolTaskExecutor  : Initializing ExecutorService 'applicationTaskExecutor'
2020-07-09 10:59:39.913  WARN 1532 --- [main] ion$DefaultTemplateResolverConfiguration : Cannot find template location: classpath:/templates/ (please add some templates or check your Thymeleaf configuration)
2020-07-09 10:59:41.515  WARN 1532 --- [main] ockingLoadBalancerClientRibbonWarnLogger : You already have RibbonLoadBalancerClient on your classpath. It will be used by default. As Spring Cloud Ribbon is in maintenance mode. We recommend switching to BlockingLoadBalancerClient instead. In order to use it, set the value of `spring.cloud.loadbalancer.ribbon.enabled` to `false` or remove spring-cloud-starter-netflix-ribbon from your project.
2020-07-09 10:59:41.722  INFO 1532 --- [main] o.s.c.n.eureka.InstanceInfoFactory       : Setting initial instance status as: STARTING
2020-07-09 10:59:41.779  INFO 1532 --- [main] com.netflix.discovery.DiscoveryClient    : Initializing Eureka in region us-east-1
2020-07-09 10:59:42.127  INFO 1532 --- [main] c.n.d.provider.DiscoveryJerseyProvider   : Using JSON encoding codec LegacyJacksonJson
2020-07-09 10:59:42.127  INFO 1532 --- [main] c.n.d.provider.DiscoveryJerseyProvider   : Using JSON decoding codec LegacyJacksonJson
2020-07-09 10:59:42.398  INFO 1532 --- [main] c.n.d.provider.DiscoveryJerseyProvider   : Using XML encoding codec XStreamXml
2020-07-09 10:59:42.398  INFO 1532 --- [main] c.n.d.provider.DiscoveryJerseyProvider   : Using XML decoding codec XStreamXml
2020-07-09 10:59:42.840  INFO 1532 --- [main] c.n.d.s.r.aws.ConfigClusterResolver      : Resolving eureka endpoints via configuration
2020-07-09 10:59:42.918  INFO 1532 --- [main] com.netflix.discovery.DiscoveryClient    : Disable delta property : false
2020-07-09 10:59:42.918  INFO 1532 --- [main] com.netflix.discovery.DiscoveryClient    : Single vip registry refresh property : null
2020-07-09 10:59:42.918  INFO 1532 --- [main] com.netflix.discovery.DiscoveryClient    : Force full registry fetch : false
2020-07-09 10:59:42.918  INFO 1532 --- [main] com.netflix.discovery.DiscoveryClient    : Application is null : false
2020-07-09 10:59:42.918  INFO 1532 --- [main] com.netflix.discovery.DiscoveryClient    : Registered Applications size is zero : true
2020-07-09 10:59:42.918  INFO 1532 --- [main] com.netflix.discovery.DiscoveryClient    : Application version is -1: true
2020-07-09 10:59:42.918  INFO 1532 --- [main] com.netflix.discovery.DiscoveryClient    : Getting all instance registry info from the eureka server
2020-07-09 10:59:43.255  INFO 1532 --- [main] com.netflix.discovery.DiscoveryClient    : The response status is 200
2020-07-09 10:59:43.257  INFO 1532 --- [main] com.netflix.discovery.DiscoveryClient    : Starting heartbeat executor: renew interval is: 30
2020-07-09 10:59:43.258  INFO 1532 --- [main] c.n.discovery.InstanceInfoReplicator     : InstanceInfoReplicator onDemand update allowed rate per min is 4
2020-07-09 10:59:43.272  INFO 1532 --- [main] com.netflix.discovery.DiscoveryClient    : Discovery Client initialized at timestamp 1594263583261 with initial instances count: 0
2020-07-09 10:59:43.273  INFO 1532 --- [main] o.s.c.n.e.s.EurekaServiceRegistry        : Registering application EUREKA-DIARY with eureka with status UP
2020-07-09 10:59:43.274  INFO 1532 --- [main] com.netflix.discovery.DiscoveryClient    : Saw local status change event StatusChangeEvent [timestamp=1594263583274, current=UP, previous=STARTING]
2020-07-09 10:59:43.276  INFO 1532 --- [DiscoveryClient-InstanceInfoReplicator-0] com.netflix.discovery.DiscoveryClient    : DiscoveryClient_EUREKA-DIARY/SW131:eureka-diary:9002: registering service...
2020-07-09 10:59:43.330  INFO 1532 --- [main] o.s.b.w.embedded.tomcat.TomcatWebServer  : Tomcat started on port(s): 9002 (http) with context path ''
2020-07-09 10:59:43.331  INFO 1532 --- [main] .s.c.n.e.s.EurekaAutoServiceRegistration : Updating port to 9002
2020-07-09 10:59:43.392  INFO 1532 --- [main] c.l.euerka_diary.EuerkaDiaryApplication  : Started EuerkaDiaryApplication in 12.713 seconds (JVM running for 13.849)
2020-07-09 10:59:43.404  INFO 1532 --- [DiscoveryClient-InstanceInfoReplicator-0] com.netflix.discovery.DiscoveryClient    : DiscoveryClient_EUREKA-DIARY/SW131:eureka-diary:9002 - registration status: 204
2020-07-09 11:00:13.259  INFO 1532 --- [DiscoveryClient-CacheRefreshExecutor-0] com.netflix.discovery.DiscoveryClient    : Disable delta property : false
2020-07-09 11:00:13.260  INFO 1532 --- [DiscoveryClient-CacheRefreshExecutor-0] com.netflix.discovery.DiscoveryClient    : Single vip registry refresh property : null
2020-07-09 11:00:13.260  INFO 1532 --- [DiscoveryClient-CacheRefreshExecutor-0] com.netflix.discovery.DiscoveryClient    : Force full registry fetch : false
2020-07-09 11:00:13.261  INFO 1532 --- [DiscoveryClient-CacheRefreshExecutor-0] com.netflix.discovery.DiscoveryClient    : Application is null : false
2020-07-09 11:00:13.261  INFO 1532 --- [DiscoveryClient-CacheRefreshExecutor-0] com.netflix.discovery.DiscoveryClient    : Registered Applications size is zero : true
2020-07-09 11:00:13.262  INFO 1532 --- [DiscoveryClient-CacheRefreshExecutor-0] com.netflix.discovery.DiscoveryClient    : Application version is -1: false
2020-07-09 11:00:13.262  INFO 1532 --- [DiscoveryClient-CacheRefreshExecutor-0] com.netflix.discovery.DiscoveryClient    : Getting all instance registry info from the eureka server
2020-07-09 11:00:13.326  INFO 1532 --- [DiscoveryClient-CacheRefreshExecutor-0] com.netflix.discovery.DiscoveryClient    : The response status is 200
